{"E:\\snappy\\frontend\\src\\components\\avatar.tsx": {"path":"E:\\snappy\\frontend\\src\\components\\avatar.tsx","statementMap":{"0":{"start":{"line":11,"column":19},"end":{"line":11,"column":32}},"1":{"start":{"line":12,"column":32},"end":{"line":12,"column":54}},"2":{"start":{"line":13,"column":36},"end":{"line":13,"column":50}},"3":{"start":{"line":14,"column":46},"end":{"line":16,"column":3}},"4":{"start":{"line":17,"column":62},"end":{"line":23,"column":3}},"5":{"start":{"line":25,"column":2},"end":{"line":30,"column":9}},"6":{"start":{"line":27,"column":4},"end":{"line":29,"column":5}},"7":{"start":{"line":28,"column":6},"end":{"line":28,"column":25}},"8":{"start":{"line":32,"column":28},"end":{"line":56,"column":3}},"9":{"start":{"line":33,"column":4},"end":{"line":55,"column":5}},"10":{"start":{"line":34,"column":6},"end":{"line":34,"column":59}},"11":{"start":{"line":36,"column":19},"end":{"line":39,"column":7}},"12":{"start":{"line":41,"column":19},"end":{"line":41,"column":89}},"13":{"start":{"line":43,"column":6},"end":{"line":54,"column":7}},"14":{"start":{"line":44,"column":8},"end":{"line":44,"column":37}},"15":{"start":{"line":45,"column":8},"end":{"line":45,"column":38}},"16":{"start":{"line":46,"column":8},"end":{"line":50,"column":10}},"17":{"start":{"line":51,"column":8},"end":{"line":51,"column":22}},"18":{"start":{"line":53,"column":8},"end":{"line":53,"column":77}},"19":{"start":{"line":58,"column":2},"end":{"line":77,"column":9}},"20":{"start":{"line":60,"column":17},"end":{"line":60,"column":19}},"21":{"start":{"line":61,"column":23},"end":{"line":61,"column":25}},"22":{"start":{"line":63,"column":4},"end":{"line":65,"column":5}},"23":{"start":{"line":63,"column":16},"end":{"line":63,"column":17}},"24":{"start":{"line":64,"column":6},"end":{"line":64,"column":72}},"25":{"start":{"line":67,"column":4},"end":{"line":74,"column":6}},"26":{"start":{"line":68,"column":6},"end":{"line":71,"column":7}},"27":{"start":{"line":69,"column":23},"end":{"line":69,"column":45}},"28":{"start":{"line":70,"column":8},"end":{"line":70,"column":45}},"29":{"start":{"line":73,"column":6},"end":{"line":73,"column":22}},"30":{"start":{"line":76,"column":4},"end":{"line":76,"column":24}},"31":{"start":{"line":79,"column":2},"end":{"line":119,"column":4}},"32":{"start":{"line":92,"column":14},"end":{"line":105,"column":20}},"33":{"start":{"line":102,"column":33},"end":{"line":102,"column":57}},"34":{"start":{"line":103,"column":35},"end":{"line":103,"column":59}}},"fnMap":{"0":{"name":"Avatar","decl":{"start":{"line":10,"column":16},"end":{"line":10,"column":22}},"loc":{"start":{"line":10,"column":25},"end":{"line":120,"column":1}},"line":10},"1":{"name":"(anonymous_1)","decl":{"start":{"line":25,"column":12},"end":{"line":25,"column":13}},"loc":{"start":{"line":25,"column":18},"end":{"line":30,"column":3}},"line":25},"2":{"name":"(anonymous_2)","decl":{"start":{"line":32,"column":28},"end":{"line":32,"column":29}},"loc":{"start":{"line":32,"column":40},"end":{"line":56,"column":3}},"line":32},"3":{"name":"(anonymous_3)","decl":{"start":{"line":58,"column":12},"end":{"line":58,"column":13}},"loc":{"start":{"line":58,"column":18},"end":{"line":77,"column":3}},"line":58},"4":{"name":"(anonymous_4)","decl":{"start":{"line":67,"column":33},"end":{"line":67,"column":34}},"loc":{"start":{"line":67,"column":42},"end":{"line":74,"column":5}},"line":67},"5":{"name":"(anonymous_5)","decl":{"start":{"line":91,"column":25},"end":{"line":91,"column":26}},"loc":{"start":{"line":92,"column":14},"end":{"line":105,"column":20}},"line":92},"6":{"name":"(anonymous_6)","decl":{"start":{"line":102,"column":27},"end":{"line":102,"column":28}},"loc":{"start":{"line":102,"column":33},"end":{"line":102,"column":57}},"line":102},"7":{"name":"(anonymous_7)","decl":{"start":{"line":103,"column":29},"end":{"line":103,"column":30}},"loc":{"start":{"line":103,"column":35},"end":{"line":103,"column":59}},"line":103}},"branchMap":{"0":{"loc":{"start":{"line":27,"column":4},"end":{"line":29,"column":5}},"type":"if","locations":[{"start":{"line":27,"column":4},"end":{"line":29,"column":5}},{"start":{},"end":{}}],"line":27},"1":{"loc":{"start":{"line":33,"column":4},"end":{"line":55,"column":5}},"type":"if","locations":[{"start":{"line":33,"column":4},"end":{"line":55,"column":5}},{"start":{"line":35,"column":11},"end":{"line":55,"column":5}}],"line":33},"2":{"loc":{"start":{"line":43,"column":6},"end":{"line":54,"column":7}},"type":"if","locations":[{"start":{"line":43,"column":6},"end":{"line":54,"column":7}},{"start":{"line":52,"column":13},"end":{"line":54,"column":7}}],"line":43},"3":{"loc":{"start":{"line":81,"column":7},"end":{"line":117,"column":7}},"type":"cond-expr","locations":[{"start":{"line":82,"column":8},"end":{"line":84,"column":14}},{"start":{"line":86,"column":8},"end":{"line":116,"column":14}}],"line":81},"4":{"loc":{"start":{"line":94,"column":18},"end":{"line":94,"column":65}},"type":"cond-expr","locations":[{"start":{"line":94,"column":45},"end":{"line":94,"column":60}},{"start":{"line":94,"column":63},"end":{"line":94,"column":65}}],"line":94}},"s":{"0":16,"1":15,"2":15,"3":15,"4":15,"5":15,"6":3,"7":0,"8":15,"9":0,"10":0,"11":0,"12":0,"13":0,"14":0,"15":0,"16":0,"17":0,"18":0,"19":15,"20":3,"21":3,"22":3,"23":3,"24":12,"25":3,"26":3,"27":12,"28":12,"29":3,"30":3,"31":15,"32":36,"33":6,"34":0},"f":{"0":16,"1":3,"2":0,"3":3,"4":3,"5":36,"6":6,"7":0},"b":{"0":[0,3],"1":[0,0],"2":[0,0],"3":[3,12],"4":[6,30]},"_coverageSchema":"1a1c01bbd47fc00a2c39e90264f33305004495a9","hash":"cabf4ed59f113bfaa75d2d6db8829fcf225bc41f"}
,"E:\\snappy\\frontend\\src\\components\\chatContainer.tsx": {"path":"E:\\snappy\\frontend\\src\\components\\chatContainer.tsx","statementMap":{"0":{"start":{"line":15,"column":34},"end":{"line":15,"column":46}},"1":{"start":{"line":16,"column":20},"end":{"line":16,"column":28}},"2":{"start":{"line":17,"column":46},"end":{"line":17,"column":60}},"3":{"start":{"line":20,"column":2},"end":{"line":32,"column":20}},"4":{"start":{"line":21,"column":17},"end":{"line":24,"column":5}},"5":{"start":{"line":26,"column":4},"end":{"line":31,"column":9}},"6":{"start":{"line":30,"column":8},"end":{"line":30,"column":26}},"7":{"start":{"line":35,"column":24},"end":{"line":51,"column":3}},"8":{"start":{"line":36,"column":17},"end":{"line":39,"column":5}},"9":{"start":{"line":40,"column":4},"end":{"line":44,"column":7}},"10":{"start":{"line":45,"column":4},"end":{"line":45,"column":69}},"11":{"start":{"line":47,"column":17},"end":{"line":47,"column":30}},"12":{"start":{"line":49,"column":4},"end":{"line":49,"column":48}},"13":{"start":{"line":50,"column":4},"end":{"line":50,"column":22}},"14":{"start":{"line":53,"column":2},"end":{"line":61,"column":9}},"15":{"start":{"line":54,"column":4},"end":{"line":60,"column":5}},"16":{"start":{"line":56,"column":6},"end":{"line":59,"column":9}},"17":{"start":{"line":58,"column":8},"end":{"line":58,"column":61}},"18":{"start":{"line":63,"column":2},"end":{"line":67,"column":23}},"19":{"start":{"line":64,"column":4},"end":{"line":66,"column":5}},"20":{"start":{"line":65,"column":6},"end":{"line":65,"column":55}},"21":{"start":{"line":65,"column":28},"end":{"line":65,"column":53}},"22":{"start":{"line":69,"column":2},"end":{"line":73,"column":17}},"23":{"start":{"line":72,"column":4},"end":{"line":72,"column":62}},"24":{"start":{"line":75,"column":2},"end":{"line":111,"column":4}},"25":{"start":{"line":94,"column":10},"end":{"line":106,"column":16}}},"fnMap":{"0":{"name":"ChatContainer","decl":{"start":{"line":8,"column":16},"end":{"line":8,"column":29}},"loc":{"start":{"line":14,"column":3},"end":{"line":112,"column":1}},"line":14},"1":{"name":"(anonymous_1)","decl":{"start":{"line":20,"column":12},"end":{"line":20,"column":13}},"loc":{"start":{"line":20,"column":18},"end":{"line":32,"column":3}},"line":20},"2":{"name":"(anonymous_2)","decl":{"start":{"line":28,"column":12},"end":{"line":28,"column":13}},"loc":{"start":{"line":28,"column":22},"end":{"line":31,"column":7}},"line":28},"3":{"name":"(anonymous_3)","decl":{"start":{"line":35,"column":24},"end":{"line":35,"column":25}},"loc":{"start":{"line":35,"column":33},"end":{"line":51,"column":3}},"line":35},"4":{"name":"(anonymous_4)","decl":{"start":{"line":53,"column":12},"end":{"line":53,"column":13}},"loc":{"start":{"line":53,"column":18},"end":{"line":61,"column":3}},"line":53},"5":{"name":"(anonymous_5)","decl":{"start":{"line":56,"column":39},"end":{"line":56,"column":40}},"loc":{"start":{"line":56,"column":48},"end":{"line":59,"column":7}},"line":56},"6":{"name":"(anonymous_6)","decl":{"start":{"line":63,"column":12},"end":{"line":63,"column":13}},"loc":{"start":{"line":63,"column":18},"end":{"line":67,"column":3}},"line":63},"7":{"name":"(anonymous_7)","decl":{"start":{"line":65,"column":18},"end":{"line":65,"column":19}},"loc":{"start":{"line":65,"column":28},"end":{"line":65,"column":53}},"line":65},"8":{"name":"(anonymous_8)","decl":{"start":{"line":69,"column":12},"end":{"line":69,"column":13}},"loc":{"start":{"line":69,"column":18},"end":{"line":73,"column":3}},"line":69},"9":{"name":"(anonymous_9)","decl":{"start":{"line":92,"column":22},"end":{"line":92,"column":23}},"loc":{"start":{"line":94,"column":10},"end":{"line":106,"column":16}},"line":94}},"branchMap":{"0":{"loc":{"start":{"line":54,"column":4},"end":{"line":60,"column":5}},"type":"if","locations":[{"start":{"line":54,"column":4},"end":{"line":60,"column":5}},{"start":{},"end":{}}],"line":54},"1":{"loc":{"start":{"line":64,"column":4},"end":{"line":66,"column":5}},"type":"if","locations":[{"start":{"line":64,"column":4},"end":{"line":66,"column":5}},{"start":{},"end":{}}],"line":64},"2":{"loc":{"start":{"line":98,"column":16},"end":{"line":98,"column":66}},"type":"cond-expr","locations":[{"start":{"line":98,"column":35},"end":{"line":98,"column":48}},{"start":{"line":98,"column":51},"end":{"line":98,"column":66}}],"line":98}},"s":{"0":5,"1":5,"2":5,"3":5,"4":2,"5":2,"6":2,"7":5,"8":1,"9":1,"10":1,"11":1,"12":1,"13":1,"14":5,"15":2,"16":2,"17":0,"18":5,"19":2,"20":0,"21":0,"22":5,"23":5,"24":5,"25":7},"f":{"0":5,"1":2,"2":2,"3":1,"4":2,"5":0,"6":2,"7":0,"8":5,"9":7},"b":{"0":[2,0],"1":[0,2],"2":[7,0]},"_coverageSchema":"1a1c01bbd47fc00a2c39e90264f33305004495a9","hash":"f505e2612e09e8c55299f342fa2fb401ba6b52e2"}
,"E:\\snappy\\frontend\\src\\components\\contact.tsx": {"path":"E:\\snappy\\frontend\\src\\components\\contact.tsx","statementMap":{"0":{"start":{"line":12,"column":48},"end":{"line":12,"column":67}},"1":{"start":{"line":13,"column":50},"end":{"line":13,"column":69}},"2":{"start":{"line":14,"column":48},"end":{"line":14,"column":67}},"3":{"start":{"line":16,"column":2},"end":{"line":25,"column":9}},"4":{"start":{"line":17,"column":17},"end":{"line":20,"column":5}},"5":{"start":{"line":22,"column":4},"end":{"line":22,"column":39}},"6":{"start":{"line":24,"column":4},"end":{"line":24,"column":43}},"7":{"start":{"line":27,"column":28},"end":{"line":30,"column":3}},"8":{"start":{"line":28,"column":4},"end":{"line":28,"column":30}},"9":{"start":{"line":29,"column":4},"end":{"line":29,"column":24}},"10":{"start":{"line":32,"column":2},"end":{"line":81,"column":4}},"11":{"start":{"line":44,"column":16},"end":{"line":63,"column":22}},"12":{"start":{"line":45,"column":33},"end":{"line":45,"column":66}},"13":{"start":{"line":46,"column":35},"end":{"line":46,"column":68}}},"fnMap":{"0":{"name":"Contact","decl":{"start":{"line":5,"column":16},"end":{"line":5,"column":23}},"loc":{"start":{"line":11,"column":3},"end":{"line":82,"column":1}},"line":11},"1":{"name":"(anonymous_1)","decl":{"start":{"line":16,"column":12},"end":{"line":16,"column":13}},"loc":{"start":{"line":16,"column":18},"end":{"line":25,"column":3}},"line":16},"2":{"name":"(anonymous_2)","decl":{"start":{"line":27,"column":28},"end":{"line":27,"column":29}},"loc":{"start":{"line":27,"column":48},"end":{"line":30,"column":3}},"line":27},"3":{"name":"(anonymous_3)","decl":{"start":{"line":43,"column":27},"end":{"line":43,"column":28}},"loc":{"start":{"line":44,"column":16},"end":{"line":63,"column":22}},"line":44},"4":{"name":"(anonymous_4)","decl":{"start":{"line":45,"column":27},"end":{"line":45,"column":28}},"loc":{"start":{"line":45,"column":33},"end":{"line":45,"column":66}},"line":45},"5":{"name":"(anonymous_5)","decl":{"start":{"line":46,"column":29},"end":{"line":46,"column":30}},"loc":{"start":{"line":46,"column":35},"end":{"line":46,"column":68}},"line":46}},"branchMap":{"0":{"loc":{"start":{"line":51,"column":20},"end":{"line":51,"column":68}},"type":"cond-expr","locations":[{"start":{"line":51,"column":48},"end":{"line":51,"column":63}},{"start":{"line":51,"column":66},"end":{"line":51,"column":68}}],"line":51}},"s":{"0":12,"1":12,"2":12,"3":12,"4":5,"5":5,"6":5,"7":12,"8":2,"9":2,"10":12,"11":14,"12":2,"13":0},"f":{"0":12,"1":5,"2":2,"3":14,"4":2,"5":0},"b":{"0":[1,13]},"_coverageSchema":"1a1c01bbd47fc00a2c39e90264f33305004495a9","hash":"dccc4827e5c4c3aab8bdadf4466beef3b82761ac"}
,"E:\\snappy\\frontend\\src\\components\\welcome.tsx": {"path":"E:\\snappy\\frontend\\src\\components\\welcome.tsx","statementMap":{"0":{"start":{"line":6,"column":34},"end":{"line":6,"column":46}},"1":{"start":{"line":8,"column":2},"end":{"line":15,"column":9}},"2":{"start":{"line":9,"column":4},"end":{"line":14,"column":6}},"3":{"start":{"line":16,"column":2},"end":{"line":24,"column":4}}},"fnMap":{"0":{"name":"Welcome","decl":{"start":{"line":5,"column":16},"end":{"line":5,"column":23}},"loc":{"start":{"line":5,"column":26},"end":{"line":25,"column":1}},"line":5},"1":{"name":"(anonymous_1)","decl":{"start":{"line":8,"column":12},"end":{"line":8,"column":13}},"loc":{"start":{"line":8,"column":18},"end":{"line":15,"column":3}},"line":8}},"branchMap":{},"s":{"0":2,"1":2,"2":1,"3":2},"f":{"0":2,"1":1},"b":{},"_coverageSchema":"1a1c01bbd47fc00a2c39e90264f33305004495a9","hash":"30fba897e8ed33e1bebd087b3826d9ef1074f8b4"}
,"E:\\snappy\\frontend\\src\\http\\api.ts": {"path":"E:\\snappy\\frontend\\src\\http\\api.ts","statementMap":{"0":{"start":{"line":37,"column":24},"end":{"line":47,"column":1}},"1":{"start":{"line":41,"column":14},"end":{"line":45,"column":4}},"2":{"start":{"line":46,"column":2},"end":{"line":46,"column":13}},"3":{"start":{"line":49,"column":27},"end":{"line":60,"column":1}},"4":{"start":{"line":54,"column":14},"end":{"line":58,"column":4}},"5":{"start":{"line":59,"column":2},"end":{"line":59,"column":13}},"6":{"start":{"line":62,"column":29},"end":{"line":68,"column":1}},"7":{"start":{"line":63,"column":14},"end":{"line":66,"column":4}},"8":{"start":{"line":67,"column":2},"end":{"line":67,"column":13}},"9":{"start":{"line":70,"column":28},"end":{"line":76,"column":1}},"10":{"start":{"line":71,"column":14},"end":{"line":74,"column":4}},"11":{"start":{"line":75,"column":2},"end":{"line":75,"column":13}},"12":{"start":{"line":78,"column":28},"end":{"line":87,"column":1}},"13":{"start":{"line":79,"column":14},"end":{"line":85,"column":4}},"14":{"start":{"line":86,"column":2},"end":{"line":86,"column":13}},"15":{"start":{"line":89,"column":25},"end":{"line":96,"column":1}},"16":{"start":{"line":90,"column":14},"end":{"line":94,"column":4}},"17":{"start":{"line":95,"column":2},"end":{"line":95,"column":13}},"18":{"start":{"line":98,"column":25},"end":{"line":109,"column":1}},"19":{"start":{"line":103,"column":14},"end":{"line":107,"column":4}},"20":{"start":{"line":108,"column":2},"end":{"line":108,"column":13}}},"fnMap":{"0":{"name":"(anonymous_0)","decl":{"start":{"line":37,"column":24},"end":{"line":37,"column":25}},"loc":{"start":{"line":40,"column":6},"end":{"line":47,"column":1}},"line":40},"1":{"name":"(anonymous_1)","decl":{"start":{"line":49,"column":27},"end":{"line":49,"column":28}},"loc":{"start":{"line":53,"column":6},"end":{"line":60,"column":1}},"line":53},"2":{"name":"(anonymous_2)","decl":{"start":{"line":62,"column":29},"end":{"line":62,"column":30}},"loc":{"start":{"line":62,"column":55},"end":{"line":68,"column":1}},"line":62},"3":{"name":"(anonymous_3)","decl":{"start":{"line":70,"column":28},"end":{"line":70,"column":29}},"loc":{"start":{"line":70,"column":50},"end":{"line":76,"column":1}},"line":70},"4":{"name":"(anonymous_4)","decl":{"start":{"line":78,"column":28},"end":{"line":78,"column":29}},"loc":{"start":{"line":78,"column":79},"end":{"line":87,"column":1}},"line":78},"5":{"name":"(anonymous_5)","decl":{"start":{"line":89,"column":25},"end":{"line":89,"column":26}},"loc":{"start":{"line":89,"column":71},"end":{"line":96,"column":1}},"line":89},"6":{"name":"(anonymous_6)","decl":{"start":{"line":98,"column":25},"end":{"line":98,"column":26}},"loc":{"start":{"line":102,"column":6},"end":{"line":109,"column":1}},"line":102}},"branchMap":{},"s":{"0":0,"1":0,"2":0,"3":0,"4":0,"5":0,"6":0,"7":0,"8":0,"9":0,"10":0,"11":0,"12":0,"13":0,"14":0,"15":0,"16":0,"17":0,"18":0,"19":0,"20":0},"f":{"0":0,"1":0,"2":0,"3":0,"4":0,"5":0,"6":0},"b":{}}
,"E:\\snappy\\frontend\\src\\pages\\chat.tsx": {"path":"E:\\snappy\\frontend\\src\\pages\\chat.tsx","statementMap":{"0":{"start":{"line":12,"column":19},"end":{"line":12,"column":32}},"1":{"start":{"line":13,"column":17},"end":{"line":13,"column":25}},"2":{"start":{"line":14,"column":34},"end":{"line":14,"column":46}},"3":{"start":{"line":15,"column":40},"end":{"line":15,"column":59}},"4":{"start":{"line":16,"column":40},"end":{"line":16,"column":59}},"5":{"start":{"line":19,"column":2},"end":{"line":31,"column":9}},"6":{"start":{"line":21,"column":4},"end":{"line":30,"column":5}},"7":{"start":{"line":22,"column":6},"end":{"line":22,"column":25}},"8":{"start":{"line":24,"column":6},"end":{"line":29,"column":8}},"9":{"start":{"line":32,"column":2},"end":{"line":39,"column":20}},"10":{"start":{"line":33,"column":4},"end":{"line":38,"column":5}},"11":{"start":{"line":35,"column":6},"end":{"line":35,"column":34}},"12":{"start":{"line":37,"column":6},"end":{"line":37,"column":55}},"13":{"start":{"line":41,"column":2},"end":{"line":53,"column":20}},"14":{"start":{"line":42,"column":4},"end":{"line":52,"column":5}},"15":{"start":{"line":44,"column":6},"end":{"line":51,"column":7}},"16":{"start":{"line":46,"column":8},"end":{"line":48,"column":45}},"17":{"start":{"line":48,"column":26},"end":{"line":48,"column":43}},"18":{"start":{"line":50,"column":8},"end":{"line":50,"column":28}},"19":{"start":{"line":55,"column":27},"end":{"line":57,"column":3}},"20":{"start":{"line":56,"column":4},"end":{"line":56,"column":25}},"21":{"start":{"line":59,"column":2},"end":{"line":70,"column":4}}},"fnMap":{"0":{"name":"Chat","decl":{"start":{"line":11,"column":16},"end":{"line":11,"column":20}},"loc":{"start":{"line":11,"column":23},"end":{"line":71,"column":1}},"line":11},"1":{"name":"(anonymous_1)","decl":{"start":{"line":19,"column":12},"end":{"line":19,"column":13}},"loc":{"start":{"line":19,"column":18},"end":{"line":31,"column":3}},"line":19},"2":{"name":"(anonymous_2)","decl":{"start":{"line":32,"column":12},"end":{"line":32,"column":13}},"loc":{"start":{"line":32,"column":18},"end":{"line":39,"column":3}},"line":32},"3":{"name":"(anonymous_3)","decl":{"start":{"line":41,"column":12},"end":{"line":41,"column":13}},"loc":{"start":{"line":41,"column":18},"end":{"line":53,"column":3}},"line":41},"4":{"name":"(anonymous_4)","decl":{"start":{"line":48,"column":16},"end":{"line":48,"column":17}},"loc":{"start":{"line":48,"column":26},"end":{"line":48,"column":43}},"line":48},"5":{"name":"(anonymous_5)","decl":{"start":{"line":55,"column":27},"end":{"line":55,"column":28}},"loc":{"start":{"line":55,"column":37},"end":{"line":57,"column":3}},"line":55}},"branchMap":{"0":{"loc":{"start":{"line":21,"column":4},"end":{"line":30,"column":5}},"type":"if","locations":[{"start":{"line":21,"column":4},"end":{"line":30,"column":5}},{"start":{"line":23,"column":11},"end":{"line":30,"column":5}}],"line":21},"1":{"loc":{"start":{"line":33,"column":4},"end":{"line":38,"column":5}},"type":"if","locations":[{"start":{"line":33,"column":4},"end":{"line":38,"column":5}},{"start":{},"end":{}}],"line":33},"2":{"loc":{"start":{"line":42,"column":4},"end":{"line":52,"column":5}},"type":"if","locations":[{"start":{"line":42,"column":4},"end":{"line":52,"column":5}},{"start":{},"end":{}}],"line":42},"3":{"loc":{"start":{"line":44,"column":6},"end":{"line":51,"column":7}},"type":"if","locations":[{"start":{"line":44,"column":6},"end":{"line":51,"column":7}},{"start":{"line":49,"column":13},"end":{"line":51,"column":7}}],"line":44},"4":{"loc":{"start":{"line":63,"column":9},"end":{"line":67,"column":9}},"type":"cond-expr","locations":[{"start":{"line":64,"column":10},"end":{"line":64,"column":21}},{"start":{"line":66,"column":10},"end":{"line":66,"column":69}}],"line":63}},"s":{"0":7,"1":7,"2":7,"3":7,"4":7,"5":7,"6":3,"7":1,"8":2,"9":7,"10":5,"11":2,"12":2,"13":7,"14":5,"15":2,"16":2,"17":2,"18":0,"19":7,"20":0,"21":7},"f":{"0":7,"1":3,"2":5,"3":5,"4":2,"5":0},"b":{"0":[1,2],"1":[2,3],"2":[2,3],"3":[2,0],"4":[7,0]},"_coverageSchema":"1a1c01bbd47fc00a2c39e90264f33305004495a9","hash":"2bf8b920fcf1a1c99aad227b34c58f291071be04"}
,"E:\\snappy\\frontend\\src\\pages\\login.tsx": {"path":"E:\\snappy\\frontend\\src\\pages\\login.tsx","statementMap":{"0":{"start":{"line":12,"column":19},"end":{"line":12,"column":32}},"1":{"start":{"line":13,"column":30},"end":{"line":13,"column":70}},"2":{"start":{"line":14,"column":62},"end":{"line":20,"column":3}},"3":{"start":{"line":21,"column":2},"end":{"line":26,"column":9}},"4":{"start":{"line":23,"column":4},"end":{"line":25,"column":5}},"5":{"start":{"line":24,"column":6},"end":{"line":24,"column":20}},"6":{"start":{"line":28,"column":23},"end":{"line":30,"column":3}},"7":{"start":{"line":29,"column":4},"end":{"line":29,"column":70}},"8":{"start":{"line":32,"column":23},"end":{"line":43,"column":3}},"9":{"start":{"line":33,"column":35},"end":{"line":33,"column":41}},"10":{"start":{"line":34,"column":4},"end":{"line":37,"column":5}},"11":{"start":{"line":35,"column":6},"end":{"line":35,"column":67}},"12":{"start":{"line":36,"column":6},"end":{"line":36,"column":19}},"13":{"start":{"line":38,"column":4},"end":{"line":41,"column":5}},"14":{"start":{"line":39,"column":6},"end":{"line":39,"column":67}},"15":{"start":{"line":40,"column":6},"end":{"line":40,"column":19}},"16":{"start":{"line":42,"column":4},"end":{"line":42,"column":16}},"17":{"start":{"line":45,"column":23},"end":{"line":64,"column":3}},"18":{"start":{"line":46,"column":4},"end":{"line":46,"column":27}},"19":{"start":{"line":47,"column":4},"end":{"line":63,"column":5}},"20":{"start":{"line":48,"column":37},"end":{"line":48,"column":43}},"21":{"start":{"line":49,"column":19},"end":{"line":49,"column":57}},"22":{"start":{"line":51,"column":6},"end":{"line":53,"column":7}},"23":{"start":{"line":52,"column":8},"end":{"line":52,"column":44}},"24":{"start":{"line":54,"column":6},"end":{"line":62,"column":7}},"25":{"start":{"line":55,"column":8},"end":{"line":59,"column":10}},"26":{"start":{"line":61,"column":8},"end":{"line":61,"column":22}},"27":{"start":{"line":66,"column":2},"end":{"line":92,"column":4}},"28":{"start":{"line":72,"column":53},"end":{"line":72,"column":68}},"29":{"start":{"line":77,"column":27},"end":{"line":77,"column":42}},"30":{"start":{"line":83,"column":27},"end":{"line":83,"column":42}}},"fnMap":{"0":{"name":"Login","decl":{"start":{"line":11,"column":16},"end":{"line":11,"column":21}},"loc":{"start":{"line":11,"column":24},"end":{"line":93,"column":1}},"line":11},"1":{"name":"(anonymous_1)","decl":{"start":{"line":21,"column":12},"end":{"line":21,"column":13}},"loc":{"start":{"line":21,"column":18},"end":{"line":26,"column":3}},"line":21},"2":{"name":"(anonymous_2)","decl":{"start":{"line":28,"column":23},"end":{"line":28,"column":24}},"loc":{"start":{"line":28,"column":65},"end":{"line":30,"column":3}},"line":28},"3":{"name":"(anonymous_3)","decl":{"start":{"line":32,"column":23},"end":{"line":32,"column":24}},"loc":{"start":{"line":32,"column":29},"end":{"line":43,"column":3}},"line":32},"4":{"name":"(anonymous_4)","decl":{"start":{"line":45,"column":23},"end":{"line":45,"column":24}},"loc":{"start":{"line":45,"column":68},"end":{"line":64,"column":3}},"line":45},"5":{"name":"(anonymous_5)","decl":{"start":{"line":72,"column":46},"end":{"line":72,"column":47}},"loc":{"start":{"line":72,"column":53},"end":{"line":72,"column":68}},"line":72},"6":{"name":"(anonymous_6)","decl":{"start":{"line":77,"column":20},"end":{"line":77,"column":21}},"loc":{"start":{"line":77,"column":27},"end":{"line":77,"column":42}},"line":77},"7":{"name":"(anonymous_7)","decl":{"start":{"line":83,"column":20},"end":{"line":83,"column":21}},"loc":{"start":{"line":83,"column":27},"end":{"line":83,"column":42}},"line":83}},"branchMap":{"0":{"loc":{"start":{"line":23,"column":4},"end":{"line":25,"column":5}},"type":"if","locations":[{"start":{"line":23,"column":4},"end":{"line":25,"column":5}},{"start":{},"end":{}}],"line":23},"1":{"loc":{"start":{"line":34,"column":4},"end":{"line":37,"column":5}},"type":"if","locations":[{"start":{"line":34,"column":4},"end":{"line":37,"column":5}},{"start":{},"end":{}}],"line":34},"2":{"loc":{"start":{"line":38,"column":4},"end":{"line":41,"column":5}},"type":"if","locations":[{"start":{"line":38,"column":4},"end":{"line":41,"column":5}},{"start":{},"end":{}}],"line":38},"3":{"loc":{"start":{"line":47,"column":4},"end":{"line":63,"column":5}},"type":"if","locations":[{"start":{"line":47,"column":4},"end":{"line":63,"column":5}},{"start":{},"end":{}}],"line":47},"4":{"loc":{"start":{"line":51,"column":6},"end":{"line":53,"column":7}},"type":"if","locations":[{"start":{"line":51,"column":6},"end":{"line":53,"column":7}},{"start":{},"end":{}}],"line":51},"5":{"loc":{"start":{"line":54,"column":6},"end":{"line":62,"column":7}},"type":"if","locations":[{"start":{"line":54,"column":6},"end":{"line":62,"column":7}},{"start":{},"end":{}}],"line":54}},"s":{"0":7,"1":7,"2":7,"3":7,"4":3,"5":0,"6":7,"7":4,"8":7,"9":2,"10":2,"11":1,"12":1,"13":1,"14":0,"15":0,"16":1,"17":7,"18":2,"19":2,"20":1,"21":1,"22":1,"23":0,"24":1,"25":0,"26":0,"27":7,"28":2,"29":2,"30":2},"f":{"0":7,"1":3,"2":4,"3":2,"4":2,"5":2,"6":2,"7":2},"b":{"0":[0,3],"1":[1,1],"2":[0,1],"3":[1,1],"4":[0,1],"5":[0,1]},"_coverageSchema":"1a1c01bbd47fc00a2c39e90264f33305004495a9","hash":"5295c6cf84836db43f65b6306a0bcb56c51f4daa"}
,"E:\\snappy\\frontend\\src\\pages\\register.tsx": {"path":"E:\\snappy\\frontend\\src\\pages\\register.tsx","statementMap":{"0":{"start":{"line":10,"column":19},"end":{"line":10,"column":32}},"1":{"start":{"line":12,"column":62},"end":{"line":18,"column":3}},"2":{"start":{"line":20,"column":30},"end":{"line":25,"column":4}},"3":{"start":{"line":27,"column":27},"end":{"line":57,"column":3}},"4":{"start":{"line":28,"column":59},"end":{"line":28,"column":65}},"5":{"start":{"line":30,"column":4},"end":{"line":36,"column":5}},"6":{"start":{"line":31,"column":6},"end":{"line":34,"column":8}},"7":{"start":{"line":35,"column":6},"end":{"line":35,"column":19}},"8":{"start":{"line":37,"column":4},"end":{"line":43,"column":5}},"9":{"start":{"line":38,"column":6},"end":{"line":41,"column":8}},"10":{"start":{"line":42,"column":6},"end":{"line":42,"column":19}},"11":{"start":{"line":44,"column":4},"end":{"line":50,"column":5}},"12":{"start":{"line":45,"column":6},"end":{"line":48,"column":8}},"13":{"start":{"line":49,"column":6},"end":{"line":49,"column":19}},"14":{"start":{"line":51,"column":4},"end":{"line":54,"column":5}},"15":{"start":{"line":52,"column":6},"end":{"line":52,"column":54}},"16":{"start":{"line":53,"column":6},"end":{"line":53,"column":19}},"17":{"start":{"line":56,"column":4},"end":{"line":56,"column":16}},"18":{"start":{"line":59,"column":23},"end":{"line":78,"column":3}},"19":{"start":{"line":60,"column":4},"end":{"line":60,"column":23}},"20":{"start":{"line":61,"column":4},"end":{"line":77,"column":5}},"21":{"start":{"line":62,"column":44},"end":{"line":62,"column":50}},"22":{"start":{"line":64,"column":19},"end":{"line":64,"column":67}},"23":{"start":{"line":66,"column":6},"end":{"line":68,"column":7}},"24":{"start":{"line":67,"column":8},"end":{"line":67,"column":44}},"25":{"start":{"line":69,"column":6},"end":{"line":76,"column":7}},"26":{"start":{"line":70,"column":8},"end":{"line":74,"column":10}},"27":{"start":{"line":75,"column":8},"end":{"line":75,"column":22}},"28":{"start":{"line":80,"column":23},"end":{"line":82,"column":3}},"29":{"start":{"line":81,"column":4},"end":{"line":81,"column":70}},"30":{"start":{"line":84,"column":2},"end":{"line":122,"column":4}},"31":{"start":{"line":90,"column":53},"end":{"line":90,"column":68}},"32":{"start":{"line":95,"column":27},"end":{"line":95,"column":42}},"33":{"start":{"line":101,"column":27},"end":{"line":101,"column":42}},"34":{"start":{"line":107,"column":27},"end":{"line":107,"column":42}},"35":{"start":{"line":113,"column":27},"end":{"line":113,"column":42}}},"fnMap":{"0":{"name":"Register","decl":{"start":{"line":9,"column":16},"end":{"line":9,"column":24}},"loc":{"start":{"line":9,"column":27},"end":{"line":123,"column":1}},"line":9},"1":{"name":"(anonymous_1)","decl":{"start":{"line":27,"column":27},"end":{"line":27,"column":28}},"loc":{"start":{"line":27,"column":33},"end":{"line":57,"column":3}},"line":27},"2":{"name":"(anonymous_2)","decl":{"start":{"line":59,"column":23},"end":{"line":59,"column":24}},"loc":{"start":{"line":59,"column":64},"end":{"line":78,"column":3}},"line":59},"3":{"name":"(anonymous_3)","decl":{"start":{"line":80,"column":23},"end":{"line":80,"column":24}},"loc":{"start":{"line":80,"column":65},"end":{"line":82,"column":3}},"line":80},"4":{"name":"(anonymous_4)","decl":{"start":{"line":90,"column":46},"end":{"line":90,"column":47}},"loc":{"start":{"line":90,"column":53},"end":{"line":90,"column":68}},"line":90},"5":{"name":"(anonymous_5)","decl":{"start":{"line":95,"column":20},"end":{"line":95,"column":21}},"loc":{"start":{"line":95,"column":27},"end":{"line":95,"column":42}},"line":95},"6":{"name":"(anonymous_6)","decl":{"start":{"line":101,"column":20},"end":{"line":101,"column":21}},"loc":{"start":{"line":101,"column":27},"end":{"line":101,"column":42}},"line":101},"7":{"name":"(anonymous_7)","decl":{"start":{"line":107,"column":20},"end":{"line":107,"column":21}},"loc":{"start":{"line":107,"column":27},"end":{"line":107,"column":42}},"line":107},"8":{"name":"(anonymous_8)","decl":{"start":{"line":113,"column":20},"end":{"line":113,"column":21}},"loc":{"start":{"line":113,"column":27},"end":{"line":113,"column":42}},"line":113}},"branchMap":{"0":{"loc":{"start":{"line":30,"column":4},"end":{"line":36,"column":5}},"type":"if","locations":[{"start":{"line":30,"column":4},"end":{"line":36,"column":5}},{"start":{},"end":{}}],"line":30},"1":{"loc":{"start":{"line":37,"column":4},"end":{"line":43,"column":5}},"type":"if","locations":[{"start":{"line":37,"column":4},"end":{"line":43,"column":5}},{"start":{},"end":{}}],"line":37},"2":{"loc":{"start":{"line":44,"column":4},"end":{"line":50,"column":5}},"type":"if","locations":[{"start":{"line":44,"column":4},"end":{"line":50,"column":5}},{"start":{},"end":{}}],"line":44},"3":{"loc":{"start":{"line":51,"column":4},"end":{"line":54,"column":5}},"type":"if","locations":[{"start":{"line":51,"column":4},"end":{"line":54,"column":5}},{"start":{},"end":{}}],"line":51},"4":{"loc":{"start":{"line":61,"column":4},"end":{"line":77,"column":5}},"type":"if","locations":[{"start":{"line":61,"column":4},"end":{"line":77,"column":5}},{"start":{},"end":{}}],"line":61},"5":{"loc":{"start":{"line":66,"column":6},"end":{"line":68,"column":7}},"type":"if","locations":[{"start":{"line":66,"column":6},"end":{"line":68,"column":7}},{"start":{},"end":{}}],"line":66},"6":{"loc":{"start":{"line":69,"column":6},"end":{"line":76,"column":7}},"type":"if","locations":[{"start":{"line":69,"column":6},"end":{"line":76,"column":7}},{"start":{},"end":{}}],"line":69}},"s":{"0":11,"1":11,"2":11,"3":11,"4":3,"5":3,"6":1,"7":1,"8":2,"9":1,"10":1,"11":1,"12":0,"13":0,"14":1,"15":0,"16":0,"17":1,"18":11,"19":3,"20":3,"21":1,"22":1,"23":1,"24":0,"25":1,"26":0,"27":0,"28":11,"29":8,"30":11,"31":3,"32":2,"33":2,"34":2,"35":2},"f":{"0":11,"1":3,"2":3,"3":8,"4":3,"5":2,"6":2,"7":2,"8":2},"b":{"0":[1,2],"1":[1,1],"2":[0,1],"3":[0,1],"4":[1,2],"5":[0,1],"6":[0,1]},"_coverageSchema":"1a1c01bbd47fc00a2c39e90264f33305004495a9","hash":"9bcb29001d8023cca03a6d596698e9c9451820c4"}
}
