TN:
SF:src\components\avatar.tsx
FN:10,Avatar
FN:25,(anonymous_1)
FN:32,(anonymous_2)
FN:58,(anonymous_3)
FN:67,(anonymous_4)
FN:91,(anonymous_5)
FN:102,(anonymous_6)
FN:103,(anonymous_7)
FNF:8
FNH:6
FNDA:16,Avatar
FNDA:3,(anonymous_1)
FNDA:0,(anonymous_2)
FNDA:3,(anonymous_3)
FNDA:3,(anonymous_4)
FNDA:36,(anonymous_5)
FNDA:6,(anonymous_6)
FNDA:0,(anonymous_7)
DA:11,16
DA:12,15
DA:13,15
DA:14,15
DA:17,15
DA:25,15
DA:27,3
DA:28,0
DA:32,15
DA:33,0
DA:34,0
DA:36,0
DA:41,0
DA:43,0
DA:44,0
DA:45,0
DA:46,0
DA:51,0
DA:53,0
DA:58,15
DA:60,3
DA:61,3
DA:63,3
DA:64,12
DA:67,3
DA:68,3
DA:69,12
DA:70,12
DA:73,3
DA:76,3
DA:79,15
DA:92,36
DA:102,6
DA:103,0
LF:34
LH:22
BRDA:27,0,0,0
BRDA:27,0,1,3
BRDA:33,1,0,0
BRDA:33,1,1,0
BRDA:43,2,0,0
BRDA:43,2,1,0
BRDA:81,3,0,3
BRDA:81,3,1,12
BRDA:94,4,0,6
BRDA:94,4,1,30
BRF:10
BRH:5
end_of_record
TN:
SF:src\components\chatContainer.tsx
FN:8,ChatContainer
FN:20,(anonymous_1)
FN:28,(anonymous_2)
FN:35,(anonymous_3)
FN:53,(anonymous_4)
FN:56,(anonymous_5)
FN:63,(anonymous_6)
FN:65,(anonymous_7)
FN:69,(anonymous_8)
FN:92,(anonymous_9)
FNF:10
FNH:8
FNDA:5,ChatContainer
FNDA:2,(anonymous_1)
FNDA:2,(anonymous_2)
FNDA:1,(anonymous_3)
FNDA:2,(anonymous_4)
FNDA:0,(anonymous_5)
FNDA:2,(anonymous_6)
FNDA:0,(anonymous_7)
FNDA:5,(anonymous_8)
FNDA:7,(anonymous_9)
DA:15,5
DA:16,5
DA:17,5
DA:20,5
DA:21,2
DA:26,2
DA:30,2
DA:35,5
DA:36,1
DA:40,1
DA:45,1
DA:47,1
DA:49,1
DA:50,1
DA:53,5
DA:54,2
DA:56,2
DA:58,0
DA:63,5
DA:64,2
DA:65,0
DA:69,5
DA:72,5
DA:75,5
DA:94,7
LF:25
LH:23
BRDA:54,0,0,2
BRDA:54,0,1,0
BRDA:64,1,0,0
BRDA:64,1,1,2
BRDA:98,2,0,7
BRDA:98,2,1,0
BRF:6
BRH:3
end_of_record
TN:
SF:src\components\contact.tsx
FN:5,Contact
FN:16,(anonymous_1)
FN:27,(anonymous_2)
FN:43,(anonymous_3)
FN:45,(anonymous_4)
FN:46,(anonymous_5)
FNF:6
FNH:5
FNDA:12,Contact
FNDA:5,(anonymous_1)
FNDA:2,(anonymous_2)
FNDA:14,(anonymous_3)
FNDA:2,(anonymous_4)
FNDA:0,(anonymous_5)
DA:12,12
DA:13,12
DA:14,12
DA:16,12
DA:17,5
DA:22,5
DA:24,5
DA:27,12
DA:28,2
DA:29,2
DA:32,12
DA:44,14
DA:45,2
DA:46,0
LF:14
LH:13
BRDA:51,0,0,1
BRDA:51,0,1,13
BRF:2
BRH:2
end_of_record
TN:
SF:src\components\welcome.tsx
FN:5,Welcome
FN:8,(anonymous_1)
FNF:2
FNH:2
FNDA:2,Welcome
FNDA:1,(anonymous_1)
DA:6,2
DA:8,2
DA:9,1
DA:16,2
LF:4
LH:4
BRF:0
BRH:0
end_of_record
TN:
SF:src\http\api.ts
FN:37,(anonymous_0)
FN:49,(anonymous_1)
FN:62,(anonymous_2)
FN:70,(anonymous_3)
FN:78,(anonymous_4)
FN:89,(anonymous_5)
FN:98,(anonymous_6)
FNF:7
FNH:0
FNDA:0,(anonymous_0)
FNDA:0,(anonymous_1)
FNDA:0,(anonymous_2)
FNDA:0,(anonymous_3)
FNDA:0,(anonymous_4)
FNDA:0,(anonymous_5)
FNDA:0,(anonymous_6)
DA:37,0
DA:41,0
DA:46,0
DA:49,0
DA:54,0
DA:59,0
DA:62,0
DA:63,0
DA:67,0
DA:70,0
DA:71,0
DA:75,0
DA:78,0
DA:79,0
DA:86,0
DA:89,0
DA:90,0
DA:95,0
DA:98,0
DA:103,0
DA:108,0
LF:21
LH:0
BRF:0
BRH:0
end_of_record
TN:
SF:src\pages\chat.tsx
FN:11,Chat
FN:19,(anonymous_1)
FN:32,(anonymous_2)
FN:41,(anonymous_3)
FN:48,(anonymous_4)
FN:55,(anonymous_5)
FNF:6
FNH:5
FNDA:7,Chat
FNDA:3,(anonymous_1)
FNDA:5,(anonymous_2)
FNDA:5,(anonymous_3)
FNDA:2,(anonymous_4)
FNDA:0,(anonymous_5)
DA:12,7
DA:13,7
DA:14,7
DA:15,7
DA:16,7
DA:19,7
DA:21,3
DA:22,1
DA:24,2
DA:32,7
DA:33,5
DA:35,2
DA:37,2
DA:41,7
DA:42,5
DA:44,2
DA:46,2
DA:48,2
DA:50,0
DA:55,7
DA:56,0
DA:59,7
LF:22
LH:20
BRDA:21,0,0,1
BRDA:21,0,1,2
BRDA:33,1,0,2
BRDA:33,1,1,3
BRDA:42,2,0,2
BRDA:42,2,1,3
BRDA:44,3,0,2
BRDA:44,3,1,0
BRDA:63,4,0,7
BRDA:63,4,1,0
BRF:10
BRH:8
end_of_record
TN:
SF:src\pages\login.tsx
FN:11,Login
FN:21,(anonymous_1)
FN:28,(anonymous_2)
FN:32,(anonymous_3)
FN:45,(anonymous_4)
FN:72,(anonymous_5)
FN:77,(anonymous_6)
FN:83,(anonymous_7)
FNF:8
FNH:8
FNDA:7,Login
FNDA:3,(anonymous_1)
FNDA:4,(anonymous_2)
FNDA:2,(anonymous_3)
FNDA:2,(anonymous_4)
FNDA:2,(anonymous_5)
FNDA:2,(anonymous_6)
FNDA:2,(anonymous_7)
DA:12,7
DA:13,7
DA:14,7
DA:21,7
DA:23,3
DA:24,0
DA:28,7
DA:29,4
DA:32,7
DA:33,2
DA:34,2
DA:35,1
DA:36,1
DA:38,1
DA:39,0
DA:40,0
DA:42,1
DA:45,7
DA:46,2
DA:47,2
DA:48,1
DA:49,1
DA:51,1
DA:52,0
DA:54,1
DA:55,0
DA:61,0
DA:66,7
DA:72,2
DA:77,2
DA:83,2
LF:31
LH:25
BRDA:23,0,0,0
BRDA:23,0,1,3
BRDA:34,1,0,1
BRDA:34,1,1,1
BRDA:38,2,0,0
BRDA:38,2,1,1
BRDA:47,3,0,1
BRDA:47,3,1,1
BRDA:51,4,0,0
BRDA:51,4,1,1
BRDA:54,5,0,0
BRDA:54,5,1,1
BRF:12
BRH:8
end_of_record
TN:
SF:src\pages\register.tsx
FN:9,Register
FN:27,(anonymous_1)
FN:59,(anonymous_2)
FN:80,(anonymous_3)
FN:90,(anonymous_4)
FN:95,(anonymous_5)
FN:101,(anonymous_6)
FN:107,(anonymous_7)
FN:113,(anonymous_8)
FNF:9
FNH:9
FNDA:11,Register
FNDA:3,(anonymous_1)
FNDA:3,(anonymous_2)
FNDA:8,(anonymous_3)
FNDA:3,(anonymous_4)
FNDA:2,(anonymous_5)
FNDA:2,(anonymous_6)
FNDA:2,(anonymous_7)
FNDA:2,(anonymous_8)
DA:10,11
DA:12,11
DA:20,11
DA:27,11
DA:28,3
DA:30,3
DA:31,1
DA:35,1
DA:37,2
DA:38,1
DA:42,1
DA:44,1
DA:45,0
DA:49,0
DA:51,1
DA:52,0
DA:53,0
DA:56,1
DA:59,11
DA:60,3
DA:61,3
DA:62,1
DA:64,1
DA:66,1
DA:67,0
DA:69,1
DA:70,0
DA:75,0
DA:80,11
DA:81,8
DA:84,11
DA:90,3
DA:95,2
DA:101,2
DA:107,2
DA:113,2
LF:36
LH:29
BRDA:30,0,0,1
BRDA:30,0,1,2
BRDA:37,1,0,1
BRDA:37,1,1,1
BRDA:44,2,0,0
BRDA:44,2,1,1
BRDA:51,3,0,0
BRDA:51,3,1,1
BRDA:61,4,0,1
BRDA:61,4,1,2
BRDA:66,5,0,0
BRDA:66,5,1,1
BRDA:69,6,0,0
BRDA:69,6,1,1
BRF:14
BRH:10
end_of_record
